23:42:02 **** Incremental Build of configuration Debug for project Mini_project2 ****
make all 
Building file: ../Mini_project2.c
Invoking: AVR Compiler
avr-gcc -Wall -g2 -gstabs -O0 -fpack-struct -fshort-enums -ffunction-sections -fdata-sections -std=gnu99 -funsigned-char -funsigned-bitfields -mmcu=atmega16 -DF_CPU=1000000UL -MMD -MP -MF"Mini_project2.d" -MT"Mini_project2.o" -c -o "Mini_project2.o" "../Mini_project2.c"
In file included from ../Mini_project2.c:9:
c:/winavr-20100110/lib/gcc/../../avr/include/util/delay.h:90:3: warning: #warning "Compiler optimizations disabled; functions from <util/delay.h> won't work as designed"
Finished building: ../Mini_project2.c
 
Building target: Mini_project2.elf
Invoking: AVR C Linker
avr-gcc -Wl,-Map,Mini_project2.map -mmcu=atmega16 -o "Mini_project2.elf"  ./Mini_project2.o   
Finished building target: Mini_project2.elf
 
Invoking: AVR Create Extended Listing
avr-objdump -h -S Mini_project2.elf  >"Mini_project2.lss"
Finished building: Mini_project2.lss
 
Invoking: Print Size
avr-size --format=avr --mcu=atmega16 Mini_project2.elf
AVR Memory Usage
----------------
Device: atmega16

Program:    5472 bytes (33.4% Full)
(.text + .data + .bootloader)

Data:         17 bytes (1.7% Full)
(.data + .bss + .noinit)


Finished building: sizedummy
 

23:42:02 Build Finished. 0 errors, 1 warnings. (took 624ms)

